\BOOKMARK [1][-]{section.1}{Introduction}{}% 1
\BOOKMARK [1][-]{section.2}{Overview}{}% 2
\BOOKMARK [2][-]{subsection.2.1}{Oriented}{section.2}% 3
\BOOKMARK [2][-]{subsection.2.2}{Strong vs Weak Type}{section.2}% 4
\BOOKMARK [2][-]{subsection.2.3}{Static vs Dynamic}{section.2}% 5
\BOOKMARK [2][-]{subsection.2.4}{Generics}{section.2}% 6
\BOOKMARK [2][-]{subsection.2.5}{Compile}{section.2}% 7
\BOOKMARK [3][-]{subsubsection.2.5.1}{Java}{subsection.2.5}% 8
\BOOKMARK [3][-]{subsubsection.2.5.2}{Swift}{subsection.2.5}% 9
\BOOKMARK [3][-]{subsubsection.2.5.3}{Python}{subsection.2.5}% 10
\BOOKMARK [3][-]{subsubsection.2.5.4}{Objective-C}{subsection.2.5}% 11
\BOOKMARK [3][-]{subsubsection.2.5.5}{Php}{subsection.2.5}% 12
\BOOKMARK [2][-]{subsection.2.6}{Scalability}{section.2}% 13
\BOOKMARK [3][-]{subsubsection.2.6.1}{Java}{subsection.2.6}% 14
\BOOKMARK [3][-]{subsubsection.2.6.2}{Swift}{subsection.2.6}% 15
\BOOKMARK [3][-]{subsubsection.2.6.3}{Python}{subsection.2.6}% 16
\BOOKMARK [2][-]{subsection.2.7}{Compile System}{section.2}% 17
\BOOKMARK [2][-]{subsection.2.8}{namespace}{section.2}% 18
\BOOKMARK [1][-]{section.3}{Variable}{}% 19
\BOOKMARK [1][-]{section.4}{Primitive Data Type}{}% 20
\BOOKMARK [2][-]{subsection.4.1}{Java}{section.4}% 21
\BOOKMARK [2][-]{subsection.4.2}{Python3}{section.4}% 22
\BOOKMARK [2][-]{subsection.4.3}{Swift}{section.4}% 23
\BOOKMARK [2][-]{subsection.4.4}{Objective-C}{section.4}% 24
\BOOKMARK [2][-]{subsection.4.5}{C}{section.4}% 25
\BOOKMARK [1][-]{section.5}{Data Structure}{}% 26
\BOOKMARK [2][-]{subsection.5.1}{Common}{section.5}% 27
\BOOKMARK [2][-]{subsection.5.2}{Java}{section.5}% 28
\BOOKMARK [2][-]{subsection.5.3}{Array}{section.5}% 29
\BOOKMARK [2][-]{subsection.5.4}{List}{section.5}% 30
\BOOKMARK [3][-]{subsubsection.5.4.1}{ArrayList}{subsection.5.4}% 31
\BOOKMARK [3][-]{subsubsection.5.4.2}{HashMap}{subsection.5.4}% 32
\BOOKMARK [3][-]{subsubsection.5.4.3}{LindedHashMap}{subsection.5.4}% 33
\BOOKMARK [3][-]{subsubsection.5.4.4}{TreeMap}{subsection.5.4}% 34
\BOOKMARK [1][-]{section.6}{Control Flow - 5}{}% 35
\BOOKMARK [2][-]{subsection.6.1}{Selection - 3}{section.6}% 36
\BOOKMARK [3][-]{subsubsection.6.1.1}{If then else}{subsection.6.1}% 37
\BOOKMARK [3][-]{subsubsection.6.1.2}{Switch}{subsection.6.1}% 38
\BOOKMARK [3][-]{subsubsection.6.1.3}{Try ... except ...}{subsection.6.1}% 39
\BOOKMARK [2][-]{subsection.6.2}{Iteration - 2}{section.6}% 40
\BOOKMARK [3][-]{subsubsection.6.2.1}{For}{subsection.6.2}% 41
\BOOKMARK [3][-]{subsubsection.6.2.2}{While}{subsection.6.2}% 42
\BOOKMARK [1][-]{section.7}{Function}{}% 43
\BOOKMARK [2][-]{subsection.7.1}{Define}{section.7}% 44
\BOOKMARK [3][-]{subsubsection.7.1.1}{Python}{subsection.7.1}% 45
\BOOKMARK [2][-]{subsection.7.2}{Lambda}{section.7}% 46
\BOOKMARK [1][-]{section.8}{Object \046 Class}{}% 47
\BOOKMARK [2][-]{subsection.8.1}{Access Level}{section.8}% 48
\BOOKMARK [3][-]{subsubsection.8.1.1}{Swift - 5}{subsection.8.1}% 49
\BOOKMARK [3][-]{subsubsection.8.1.2}{Java - 4}{subsection.8.1}% 50
\BOOKMARK [3][-]{subsubsection.8.1.3}{Python - 3}{subsection.8.1}% 51
\BOOKMARK [2][-]{subsection.8.2}{Define}{section.8}% 52
\BOOKMARK [3][-]{subsubsection.8.2.1}{Python}{subsection.8.2}% 53
\BOOKMARK [2][-]{subsection.8.3}{Inheritance}{section.8}% 54
\BOOKMARK [3][-]{subsubsection.8.3.1}{java}{subsection.8.3}% 55
\BOOKMARK [2][-]{subsection.8.4}{Interface}{section.8}% 56
\BOOKMARK [3][-]{subsubsection.8.4.1}{Java}{subsection.8.4}% 57
\BOOKMARK [3][-]{subsubsection.8.4.2}{C}{subsection.8.4}% 58
\BOOKMARK [3][-]{subsubsection.8.4.3}{C++}{subsection.8.4}% 59
\BOOKMARK [3][-]{subsubsection.8.4.4}{C\043}{subsection.8.4}% 60
\BOOKMARK [3][-]{subsubsection.8.4.5}{Objective-C}{subsection.8.4}% 61
\BOOKMARK [3][-]{subsubsection.8.4.6}{Swift}{subsection.8.4}% 62
\BOOKMARK [3][-]{subsubsection.8.4.7}{Php}{subsection.8.4}% 63
\BOOKMARK [2][-]{subsection.8.5}{Annotation}{section.8}% 64
\BOOKMARK [1][-]{section.9}{Characteristics}{}% 65
\BOOKMARK [2][-]{subsection.9.1}{Objective-C}{section.9}% 66
\BOOKMARK [3][-]{subsubsection.9.1.1}{Category}{subsection.9.1}% 67
\BOOKMARK [3][-]{subsubsection.9.1.2}{Extension}{subsection.9.1}% 68
\BOOKMARK [3][-]{subsubsection.9.1.3}{Protocol}{subsection.9.1}% 69
\BOOKMARK [1][-]{section.10}{Enum}{}% 70
\BOOKMARK [1][-]{section.11}{Singleton}{}% 71
\BOOKMARK [1][-]{section.12}{JavaFXApplication}{}% 72
\BOOKMARK [1][-]{section.13}{Code Standards}{}% 73
